<?xml version="1.0" encoding="UTF-8"?>
<!-- Generated by org.testng.reporters.JUnitXMLReporter -->
<testsuite ignored="0" hostname="NDI-LAP-733" failures="0" tests="4" name="Default test" time="57.847" errors="0" timestamp="2022-02-21T13:19:09 IST">
  <testcase classname="TestCases.TestCaseMain" name="InitiateHomePage" time="0.041"/>
  <testcase classname="TestCases.TestCaseMain" name="Test1" time="6.269"/>
  <testcase classname="TestCases.TestCaseMain" name="Test2" time="7.511"/>
  <testcase classname="TestCases.TestCaseMain" name="Test3" time="29.172"/>
</testsuite> <!-- Default test -->
