<?xml version="1.0" encoding="UTF-8"?>
<testng-results ignored="0" total="4" passed="4" failed="0" skipped="0">
  <reporter-output>
  </reporter-output>
  <suite started-at="2022-02-21T13:18:12 IST" name="Default suite" finished-at="2022-02-21T13:19:09 IST" duration-ms="57847">
    <groups>
    </groups>
    <test started-at="2022-02-21T13:18:12 IST" name="Default test" finished-at="2022-02-21T13:19:09 IST" duration-ms="57847">
      <class name="TestCases.TestCaseMain">
        <test-method is-config="true" signature="startBrowser()[pri:0, instance:TestCases.TestCaseMain@402c4085]" started-at="2022-02-21T13:18:12 IST" name="startBrowser" finished-at="2022-02-21T13:18:26 IST" duration-ms="14484" status="PASS">
          <reporter-output>
          </reporter-output>
        </test-method> <!-- startBrowser -->
        <test-method signature="InitiateHomePage()[pri:0, instance:TestCases.TestCaseMain@402c4085]" started-at="2022-02-21T13:18:26 IST" name="InitiateHomePage" finished-at="2022-02-21T13:18:26 IST" duration-ms="41" status="PASS">
          <reporter-output>
          </reporter-output>
        </test-method> <!-- InitiateHomePage -->
        <test-method signature="Test1()[pri:0, instance:TestCases.TestCaseMain@402c4085]" started-at="2022-02-21T13:18:26 IST" name="Test1" finished-at="2022-02-21T13:18:32 IST" depends-on-methods="TestCases.TestCaseMain.InitiateHomePage" duration-ms="6269" status="PASS">
          <reporter-output>
          </reporter-output>
        </test-method> <!-- Test1 -->
        <test-method signature="Test2()[pri:0, instance:TestCases.TestCaseMain@402c4085]" started-at="2022-02-21T13:18:32 IST" name="Test2" finished-at="2022-02-21T13:18:40 IST" depends-on-methods="TestCases.TestCaseMain.InitiateHomePage" duration-ms="7511" status="PASS">
          <reporter-output>
          </reporter-output>
        </test-method> <!-- Test2 -->
        <test-method signature="Test3()[pri:0, instance:TestCases.TestCaseMain@402c4085]" started-at="2022-02-21T13:18:40 IST" name="Test3" finished-at="2022-02-21T13:19:09 IST" depends-on-methods="TestCases.TestCaseMain.InitiateHomePage" duration-ms="29172" status="PASS">
          <reporter-output>
          </reporter-output>
        </test-method> <!-- Test3 -->
        <test-method is-config="true" signature="closeBrowser()[pri:0, instance:TestCases.TestCaseMain@402c4085]" started-at="2022-02-21T13:19:09 IST" name="closeBrowser" finished-at="2022-02-21T13:19:09 IST" duration-ms="216" status="PASS">
          <reporter-output>
          </reporter-output>
        </test-method> <!-- closeBrowser -->
      </class> <!-- TestCases.TestCaseMain -->
    </test> <!-- Default test -->
  </suite> <!-- Default suite -->
</testng-results>
